{"/Users/jermaine/Sites/otr.to/src/Chat.tsx": {"path":"/Users/jermaine/Sites/otr.to/src/Chat.tsx","statementMap":{"0":{"start":{"line":1,"column":0},"end":{"line":1,"column":31}},"1":{"start":{"line":2,"column":0},"end":{"line":2,"column":46}},"2":{"start":{"line":3,"column":0},"end":{"line":3,"column":26}},"3":{"start":{"line":4,"column":0},"end":{"line":4,"column":39}},"4":{"start":{"line":5,"column":0},"end":{"line":5,"column":34}},"5":{"start":{"line":6,"column":0},"end":{"line":6,"column":56}},"6":{"start":{"line":58,"column":8},"end":{"line":58,"column":21}},"7":{"start":{"line":42,"column":21},"end":{"line":42,"column":58}},"8":{"start":{"line":43,"column":21},"end":{"line":50,"column":6}},"9":{"start":{"line":52,"column":21},"end":{"line":52,"column":108}},"10":{"start":{"line":54,"column":12},"end":{"line":54,"column":63}},"11":{"start":{"line":55,"column":21},"end":{"line":55,"column":40}},"12":{"start":{"line":377,"column":12},"end":{"line":384,"column":null}},"13":{"start":{"line":378,"column":8},"end":{"line":378,"column":31}},"14":{"start":{"line":379,"column":24},"end":{"line":379,"column":61}},"15":{"start":{"line":380,"column":8},"end":{"line":380,"column":29}},"16":{"start":{"line":382,"column":8},"end":{"line":382,"column":53}},"17":{"start":{"line":383,"column":8},"end":{"line":383,"column":44}},"18":{"start":{"line":386,"column":12},"end":{"line":396,"column":null}},"19":{"start":{"line":387,"column":22},"end":{"line":387,"column":40}},"20":{"start":{"line":388,"column":8},"end":{"line":388,"column":53}},"21":{"start":{"line":388,"column":46},"end":{"line":388,"column":53}},"22":{"start":{"line":390,"column":8},"end":{"line":392,"column":11}},"23":{"start":{"line":391,"column":12},"end":{"line":391,"column":32}},"24":{"start":{"line":395,"column":8},"end":{"line":395,"column":32}},"25":{"start":{"line":398,"column":12},"end":{"line":440,"column":null}},"26":{"start":{"line":398,"column":44},"end":{"line":440,"column":null}},"27":{"start":{"line":399,"column":23},"end":{"line":399,"column":44}},"28":{"start":{"line":400,"column":28},"end":{"line":400,"column":66}},"29":{"start":{"line":403,"column":42},"end":{"line":410,"column":10}},"30":{"start":{"line":412,"column":8},"end":{"line":412,"column":49}},"31":{"start":{"line":413,"column":8},"end":{"line":413,"column":119}},"32":{"start":{"line":416,"column":28},"end":{"line":416,"column":52}},"33":{"start":{"line":417,"column":8},"end":{"line":430,"column":null}},"34":{"start":{"line":417,"column":21},"end":{"line":417,"column":22}},"35":{"start":{"line":418,"column":26},"end":{"line":418,"column":45}},"36":{"start":{"line":419,"column":24},"end":{"line":419,"column":68}},"37":{"start":{"line":420,"column":26},"end":{"line":420,"column":55}},"38":{"start":{"line":422,"column":46},"end":{"line":427,"column":14}},"39":{"start":{"line":429,"column":12},"end":{"line":429,"column":53}},"40":{"start":{"line":433,"column":40},"end":{"line":436,"column":10}},"41":{"start":{"line":438,"column":8},"end":{"line":438,"column":47}},"42":{"start":{"line":439,"column":8},"end":{"line":439,"column":79}},"43":{"start":{"line":442,"column":12},"end":{"line":488,"column":null}},"44":{"start":{"line":443,"column":34},"end":{"line":443,"column":44}},"45":{"start":{"line":445,"column":8},"end":{"line":487,"column":null}},"46":{"start":{"line":447,"column":50},"end":{"line":457,"column":18}},"47":{"start":{"line":459,"column":16},"end":{"line":459,"column":63}},"48":{"start":{"line":460,"column":16},"end":{"line":460,"column":73}},"49":{"start":{"line":461,"column":16},"end":{"line":461,"column":145}},"50":{"start":{"line":462,"column":16},"end":{"line":462,"column":22}},"51":{"start":{"line":465,"column":33},"end":{"line":465,"column":66}},"52":{"start":{"line":466,"column":16},"end":{"line":473,"column":null}},"53":{"start":{"line":467,"column":20},"end":{"line":467,"column":73}},"54":{"start":{"line":468,"column":20},"end":{"line":468,"column":46}},"55":{"start":{"line":469,"column":20},"end":{"line":469,"column":107}},"56":{"start":{"line":471,"column":20},"end":{"line":471,"column":64}},"57":{"start":{"line":472,"column":20},"end":{"line":472,"column":77}},"58":{"start":{"line":474,"column":16},"end":{"line":474,"column":22}},"59":{"start":{"line":477,"column":42},"end":{"line":477,"column":75}},"60":{"start":{"line":478,"column":16},"end":{"line":485,"column":null}},"61":{"start":{"line":479,"column":20},"end":{"line":479,"column":56}},"62":{"start":{"line":480,"column":20},"end":{"line":480,"column":53}},"63":{"start":{"line":482,"column":20},"end":{"line":482,"column":73}},"64":{"start":{"line":483,"column":20},"end":{"line":483,"column":77}},"65":{"start":{"line":484,"column":20},"end":{"line":484,"column":109}},"66":{"start":{"line":486,"column":16},"end":{"line":486,"column":22}},"67":{"start":{"line":490,"column":12},"end":{"line":516,"column":null}},"68":{"start":{"line":492,"column":26},"end":{"line":492,"column":93}},"69":{"start":{"line":492,"column":66},"end":{"line":492,"column":89}},"70":{"start":{"line":493,"column":25},"end":{"line":493,"column":50}},"71":{"start":{"line":494,"column":21},"end":{"line":494,"column":22}},"72":{"start":{"line":496,"column":8},"end":{"line":499,"column":11}},"73":{"start":{"line":497,"column":12},"end":{"line":497,"column":56}},"74":{"start":{"line":498,"column":12},"end":{"line":498,"column":39}},"75":{"start":{"line":502,"column":21},"end":{"line":502,"column":66}},"76":{"start":{"line":503,"column":20},"end":{"line":503,"column":45}},"77":{"start":{"line":504,"column":18},"end":{"line":504,"column":45}},"78":{"start":{"line":505,"column":8},"end":{"line":505,"column":21}},"79":{"start":{"line":506,"column":8},"end":{"line":506,"column":35}},"80":{"start":{"line":507,"column":8},"end":{"line":507,"column":37}},"81":{"start":{"line":508,"column":8},"end":{"line":508,"column":18}},"82":{"start":{"line":509,"column":8},"end":{"line":509,"column":37}},"83":{"start":{"line":510,"column":8},"end":{"line":510,"column":33}},"84":{"start":{"line":513,"column":34},"end":{"line":513,"column":44}},"85":{"start":{"line":514,"column":8},"end":{"line":514,"column":42}},"86":{"start":{"line":515,"column":8},"end":{"line":515,"column":65}},"87":{"start":{"line":518,"column":12},"end":{"line":520,"column":null}},"88":{"start":{"line":519,"column":8},"end":{"line":519,"column":81}},"89":{"start":{"line":522,"column":12},"end":{"line":528,"column":null}},"90":{"start":{"line":523,"column":8},"end":{"line":523,"column":42}},"91":{"start":{"line":523,"column":25},"end":{"line":523,"column":42}},"92":{"start":{"line":524,"column":18},"end":{"line":524,"column":22}},"93":{"start":{"line":525,"column":22},"end":{"line":525,"column":49}},"94":{"start":{"line":526,"column":18},"end":{"line":526,"column":59}},"95":{"start":{"line":527,"column":8},"end":{"line":527,"column":80}},"96":{"start":{"line":530,"column":12},"end":{"line":541,"column":null}},"97":{"start":{"line":531,"column":8},"end":{"line":536,"column":11}},"98":{"start":{"line":538,"column":8},"end":{"line":540,"column":14}},"99":{"start":{"line":539,"column":12},"end":{"line":539,"column":65}},"100":{"start":{"line":59,"column":8},"end":{"line":66,"column":10}},"101":{"start":{"line":70,"column":29},"end":{"line":70,"column":63}},"102":{"start":{"line":72,"column":8},"end":{"line":76,"column":null}},"103":{"start":{"line":73,"column":12},"end":{"line":73,"column":87}},"104":{"start":{"line":75,"column":12},"end":{"line":75,"column":30}},"105":{"start":{"line":80,"column":28},"end":{"line":80,"column":71}},"106":{"start":{"line":81,"column":21},"end":{"line":81,"column":99}},"107":{"start":{"line":82,"column":26},"end":{"line":82,"column":43}},"108":{"start":{"line":83,"column":29},"end":{"line":140,"column":14}},"109":{"start":{"line":98,"column":47},"end":{"line":98,"column":null}},"110":{"start":{"line":142,"column":8},"end":{"line":276,"column":10}},"111":{"start":{"line":164,"column":75},"end":{"line":164,"column":107}},"112":{"start":{"line":253,"column":63},"end":{"line":253,"column":100}},"113":{"start":{"line":280,"column":26},"end":{"line":280,"column":71}},"114":{"start":{"line":281,"column":8},"end":{"line":281,"column":48}},"115":{"start":{"line":281,"column":36},"end":{"line":281,"column":48}},"116":{"start":{"line":283,"column":8},"end":{"line":317,"column":10}},"117":{"start":{"line":286,"column":20},"end":{"line":313,"column":null}},"118":{"start":{"line":300,"column":55},"end":{"line":300,"column":82}},"119":{"start":{"line":321,"column":21},"end":{"line":321,"column":65}},"120":{"start":{"line":322,"column":8},"end":{"line":322,"column":40}},"121":{"start":{"line":324,"column":8},"end":{"line":341,"column":11}},"122":{"start":{"line":325,"column":12},"end":{"line":325,"column":50}},"123":{"start":{"line":327,"column":12},"end":{"line":327,"column":45}},"124":{"start":{"line":329,"column":12},"end":{"line":329,"column":75}},"125":{"start":{"line":330,"column":12},"end":{"line":330,"column":40}},"126":{"start":{"line":332,"column":12},"end":{"line":338,"column":15}},"127":{"start":{"line":333,"column":16},"end":{"line":337,"column":null}},"128":{"start":{"line":334,"column":20},"end":{"line":334,"column":63}},"129":{"start":{"line":336,"column":20},"end":{"line":336,"column":49}},"130":{"start":{"line":340,"column":12},"end":{"line":340,"column":110}},"131":{"start":{"line":340,"column":41},"end":{"line":340,"column":108}},"132":{"start":{"line":343,"column":8},"end":{"line":343,"column":63}},"133":{"start":{"line":343,"column":34},"end":{"line":343,"column":61}},"134":{"start":{"line":345,"column":8},"end":{"line":345,"column":20}},"135":{"start":{"line":349,"column":8},"end":{"line":374,"column":11}},"136":{"start":{"line":350,"column":12},"end":{"line":350,"column":77}},"137":{"start":{"line":352,"column":31},"end":{"line":352,"column":57}},"138":{"start":{"line":353,"column":12},"end":{"line":364,"column":15}},"139":{"start":{"line":354,"column":16},"end":{"line":354,"column":96}},"140":{"start":{"line":355,"column":16},"end":{"line":355,"column":46}},"141":{"start":{"line":357,"column":16},"end":{"line":363,"column":19}},"142":{"start":{"line":358,"column":20},"end":{"line":362,"column":null}},"143":{"start":{"line":359,"column":24},"end":{"line":359,"column":67}},"144":{"start":{"line":361,"column":24},"end":{"line":361,"column":53}},"145":{"start":{"line":366,"column":12},"end":{"line":371,"column":21}},"146":{"start":{"line":367,"column":16},"end":{"line":370,"column":null}},"147":{"start":{"line":368,"column":20},"end":{"line":368,"column":80}},"148":{"start":{"line":369,"column":20},"end":{"line":369,"column":47}},"149":{"start":{"line":373,"column":12},"end":{"line":373,"column":110}},"150":{"start":{"line":373,"column":41},"end":{"line":373,"column":108}},"151":{"start":{"line":41,"column":0},"end":{"line":41,"column":21}}},"fnMap":{"0":{"name":"(anonymous_14)","decl":{"start":{"line":57,"column":4},"end":{"line":57,"column":23}},"loc":{"start":{"line":57,"column":32},"end":{"line":67,"column":5}}},"1":{"name":"(anonymous_15)","decl":{"start":{"line":377,"column":26},"end":{"line":377,"column":27}},"loc":{"start":{"line":377,"column":36},"end":{"line":384,"column":5}}},"2":{"name":"(anonymous_16)","decl":{"start":{"line":386,"column":31},"end":{"line":386,"column":32}},"loc":{"start":{"line":386,"column":78},"end":{"line":396,"column":5}}},"3":{"name":"(anonymous_17)","decl":{"start":{"line":390,"column":34},"end":{"line":390,"column":38}},"loc":{"start":{"line":390,"column":41},"end":{"line":392,"column":9}}},"4":{"name":"(anonymous_18)","decl":{"start":{"line":398,"column":23},"end":{"line":398,"column":30}},"loc":{"start":{"line":398,"column":44},"end":{"line":440,"column":null}}},"5":{"name":"(anonymous_19)","decl":{"start":{"line":398,"column":44},"end":{"line":398,"column":null}},"loc":{"start":{"line":398,"column":44},"end":{"line":440,"column":5}}},"6":{"name":"(anonymous_20)","decl":{"start":{"line":442,"column":32},"end":{"line":442,"column":33}},"loc":{"start":{"line":442,"column":57},"end":{"line":488,"column":5}}},"7":{"name":"(anonymous_21)","decl":{"start":{"line":490,"column":27},"end":{"line":490,"column":28}},"loc":{"start":{"line":490,"column":54},"end":{"line":516,"column":5}}},"8":{"name":"(anonymous_22)","decl":{"start":{"line":492,"column":49},"end":{"line":492,"column":50}},"loc":{"start":{"line":492,"column":66},"end":{"line":492,"column":89}}},"9":{"name":"(anonymous_23)","decl":{"start":{"line":496,"column":32},"end":{"line":496,"column":37}},"loc":{"start":{"line":496,"column":40},"end":{"line":499,"column":9}}},"10":{"name":"(anonymous_24)","decl":{"start":{"line":518,"column":29},"end":{"line":518,"column":40}},"loc":{"start":{"line":518,"column":42},"end":{"line":520,"column":5}}},"11":{"name":"(anonymous_25)","decl":{"start":{"line":522,"column":29},"end":{"line":522,"column":30}},"loc":{"start":{"line":522,"column":55},"end":{"line":528,"column":5}}},"12":{"name":"(anonymous_26)","decl":{"start":{"line":530,"column":26},"end":{"line":530,"column":27}},"loc":{"start":{"line":530,"column":47},"end":{"line":541,"column":5}}},"13":{"name":"(anonymous_27)","decl":{"start":{"line":538,"column":19},"end":{"line":538,"column":22}},"loc":{"start":{"line":538,"column":24},"end":{"line":540,"column":9}}},"14":{"name":"(anonymous_28)","decl":{"start":{"line":69,"column":11},"end":{"line":69,"column":28}},"loc":{"start":{"line":69,"column":28},"end":{"line":77,"column":5}}},"15":{"name":"(anonymous_29)","decl":{"start":{"line":79,"column":11},"end":{"line":79,"column":17}},"loc":{"start":{"line":79,"column":17},"end":{"line":277,"column":5}}},"16":{"name":"(anonymous_30)","decl":{"start":{"line":98,"column":41},"end":{"line":98,"column":44}},"loc":{"start":{"line":98,"column":46},"end":{"line":98,"column":null}}},"17":{"name":"(anonymous_31)","decl":{"start":{"line":164,"column":69},"end":{"line":164,"column":72}},"loc":{"start":{"line":164,"column":75},"end":{"line":164,"column":107}}},"18":{"name":"(anonymous_32)","decl":{"start":{"line":253,"column":57},"end":{"line":253,"column":60}},"loc":{"start":{"line":253,"column":63},"end":{"line":253,"column":100}}},"19":{"name":"(anonymous_33)","decl":{"start":{"line":279,"column":12},"end":{"line":279,"column":31}},"loc":{"start":{"line":279,"column":31},"end":{"line":318,"column":5}}},"20":{"name":"(anonymous_34)","decl":{"start":{"line":285,"column":31},"end":{"line":285,"column":39}},"loc":{"start":{"line":286,"column":20},"end":{"line":313,"column":null}}},"21":{"name":"(anonymous_35)","decl":{"start":{"line":300,"column":49},"end":{"line":300,"column":52}},"loc":{"start":{"line":300,"column":55},"end":{"line":300,"column":82}}},"22":{"name":"(anonymous_36)","decl":{"start":{"line":320,"column":12},"end":{"line":320,"column":22}},"loc":{"start":{"line":320,"column":22},"end":{"line":346,"column":5}}},"23":{"name":"(anonymous_37)","decl":{"start":{"line":324,"column":30},"end":{"line":324,"column":40}},"loc":{"start":{"line":324,"column":43},"end":{"line":341,"column":9}}},"24":{"name":"(anonymous_38)","decl":{"start":{"line":332,"column":34},"end":{"line":332,"column":35}},"loc":{"start":{"line":332,"column":65},"end":{"line":338,"column":13}}},"25":{"name":"(anonymous_39)","decl":{"start":{"line":340,"column":35},"end":{"line":340,"column":38}},"loc":{"start":{"line":340,"column":41},"end":{"line":340,"column":108}}},"26":{"name":"(anonymous_40)","decl":{"start":{"line":343,"column":25},"end":{"line":343,"column":30}},"loc":{"start":{"line":343,"column":34},"end":{"line":343,"column":61}}},"27":{"name":"(anonymous_41)","decl":{"start":{"line":348,"column":12},"end":{"line":348,"column":19}},"loc":{"start":{"line":348,"column":52},"end":{"line":375,"column":5}}},"28":{"name":"(anonymous_42)","decl":{"start":{"line":349,"column":24},"end":{"line":349,"column":26}},"loc":{"start":{"line":349,"column":29},"end":{"line":374,"column":9}}},"29":{"name":"(anonymous_43)","decl":{"start":{"line":353,"column":34},"end":{"line":353,"column":37}},"loc":{"start":{"line":353,"column":39},"end":{"line":364,"column":13}}},"30":{"name":"(anonymous_44)","decl":{"start":{"line":357,"column":38},"end":{"line":357,"column":39}},"loc":{"start":{"line":357,"column":69},"end":{"line":363,"column":17}}},"31":{"name":"(anonymous_45)","decl":{"start":{"line":366,"column":23},"end":{"line":366,"column":26}},"loc":{"start":{"line":366,"column":28},"end":{"line":371,"column":13}}},"32":{"name":"(anonymous_46)","decl":{"start":{"line":373,"column":35},"end":{"line":373,"column":38}},"loc":{"start":{"line":373,"column":41},"end":{"line":373,"column":108}}}},"branchMap":{"0":{"loc":{"start":{"line":388,"column":8},"end":{"line":388,"column":53}},"type":"if","locations":[{"start":{"line":388,"column":8},"end":{"line":388,"column":53}}]},"1":{"loc":{"start":{"line":388,"column":12},"end":{"line":388,"column":44}},"type":"binary-expr","locations":[{"start":{"line":388,"column":12},"end":{"line":388,"column":18}},{"start":{"line":388,"column":22},"end":{"line":388,"column":44}}]},"2":{"loc":{"start":{"line":445,"column":8},"end":{"line":487,"column":null}},"type":"switch","locations":[{"start":{"line":446,"column":12},"end":{"line":462,"column":22}},{"start":{"line":464,"column":12},"end":{"line":474,"column":22}},{"start":{"line":476,"column":12},"end":{"line":486,"column":22}}]},"3":{"loc":{"start":{"line":466,"column":16},"end":{"line":473,"column":null}},"type":"if","locations":[{"start":{"line":466,"column":16},"end":{"line":473,"column":null}}]},"4":{"loc":{"start":{"line":466,"column":20},"end":{"line":466,"column":45}},"type":"binary-expr","locations":[{"start":{"line":466,"column":20},"end":{"line":466,"column":28}},{"start":{"line":466,"column":32},"end":{"line":466,"column":45}}]},"5":{"loc":{"start":{"line":478,"column":16},"end":{"line":485,"column":null}},"type":"if","locations":[{"start":{"line":478,"column":16},"end":{"line":485,"column":null}}]},"6":{"loc":{"start":{"line":523,"column":8},"end":{"line":523,"column":42}},"type":"if","locations":[{"start":{"line":523,"column":8},"end":{"line":523,"column":42}}]},"7":{"loc":{"start":{"line":72,"column":8},"end":{"line":76,"column":null}},"type":"if","locations":[{"start":{"line":72,"column":8},"end":{"line":76,"column":null}},{"start":{"line":74,"column":15},"end":{"line":76,"column":null}}]},"8":{"loc":{"start":{"line":81,"column":22},"end":{"line":81,"column":77}},"type":"cond-expr","locations":[{"start":{"line":81,"column":36},"end":{"line":81,"column":58}},{"start":{"line":81,"column":61},"end":{"line":81,"column":77}}]},"9":{"loc":{"start":{"line":83,"column":29},"end":{"line":140,"column":14}},"type":"cond-expr","locations":[{"start":{"line":84,"column":12},"end":{"line":138,"column":null}},{"start":{"line":140,"column":12},"end":{"line":140,"column":14}}]},"10":{"loc":{"start":{"line":98,"column":47},"end":{"line":98,"column":81}},"type":"cond-expr","locations":[{"start":{"line":98,"column":72},"end":{"line":98,"column":74}},{"start":{"line":98,"column":72},"end":{"line":98,"column":81}}]},"11":{"loc":{"start":{"line":98,"column":47},"end":{"line":98,"column":74}},"type":"binary-expr","locations":[{"start":{"line":98,"column":47},"end":{"line":98,"column":74}},{"start":{"line":98,"column":72},"end":{"line":98,"column":74}}]},"12":{"loc":{"start":{"line":151,"column":33},"end":{"line":151,"column":88}},"type":"cond-expr","locations":[{"start":{"line":151,"column":55},"end":{"line":151,"column":74}},{"start":{"line":151,"column":77},"end":{"line":151,"column":88}}]},"13":{"loc":{"start":{"line":165,"column":37},"end":{"line":175,"column":null}},"type":"cond-expr","locations":[{"start":{"line":166,"column":40},"end":{"line":168,"column":null}},{"start":{"line":171,"column":40},"end":{"line":174,"column":null}}]},"14":{"loc":{"start":{"line":240,"column":25},"end":{"line":269,"column":28}},"type":"binary-expr","locations":[{"start":{"line":240,"column":25},"end":{"line":240,"column":37}},{"start":{"line":240,"column":42},"end":{"line":268,"column":null}}]},"15":{"loc":{"start":{"line":254,"column":37},"end":{"line":264,"column":null}},"type":"cond-expr","locations":[{"start":{"line":255,"column":40},"end":{"line":257,"column":null}},{"start":{"line":260,"column":40},"end":{"line":263,"column":null}}]},"16":{"loc":{"start":{"line":281,"column":8},"end":{"line":281,"column":48}},"type":"if","locations":[{"start":{"line":281,"column":8},"end":{"line":281,"column":48}}]},"17":{"loc":{"start":{"line":292,"column":37},"end":{"line":293,"column":108}},"type":"cond-expr","locations":[{"start":{"line":292,"column":59},"end":{"line":292,"column":79}},{"start":{"line":293,"column":40},"end":{"line":293,"column":108}}]},"18":{"loc":{"start":{"line":297,"column":33},"end":{"line":303,"column":null}},"type":"binary-expr","locations":[{"start":{"line":297,"column":33},"end":{"line":297,"column":52}},{"start":{"line":298,"column":36},"end":{"line":300,"column":null}}]},"19":{"loc":{"start":{"line":333,"column":16},"end":{"line":337,"column":null}},"type":"if","locations":[{"start":{"line":333,"column":16},"end":{"line":337,"column":null}},{"start":{"line":335,"column":23},"end":{"line":337,"column":null}}]},"20":{"loc":{"start":{"line":358,"column":20},"end":{"line":362,"column":null}},"type":"if","locations":[{"start":{"line":358,"column":20},"end":{"line":362,"column":null}},{"start":{"line":360,"column":27},"end":{"line":362,"column":null}}]},"21":{"loc":{"start":{"line":367,"column":16},"end":{"line":370,"column":null}},"type":"if","locations":[{"start":{"line":367,"column":16},"end":{"line":370,"column":null}}]}},"s":{"0":4,"1":4,"2":4,"3":4,"4":4,"5":4,"6":37,"7":37,"8":37,"9":37,"10":37,"11":37,"12":37,"13":3,"14":3,"15":3,"16":3,"17":3,"18":37,"19":3,"20":3,"21":0,"22":3,"23":3,"24":3,"25":37,"26":3,"27":3,"28":3,"29":3,"30":3,"31":3,"32":3,"33":2,"34":2,"35":3,"36":3,"37":3,"38":3,"39":3,"40":2,"41":2,"42":2,"43":37,"44":19,"45":19,"46":11,"47":11,"48":11,"49":11,"50":11,"51":6,"52":6,"53":5,"54":5,"55":5,"56":5,"57":5,"58":6,"59":2,"60":2,"61":2,"62":2,"63":2,"64":2,"65":2,"66":2,"67":37,"68":1,"69":2,"70":1,"71":1,"72":1,"73":2,"74":2,"75":1,"76":1,"77":1,"78":1,"79":1,"80":1,"81":1,"82":1,"83":1,"84":1,"85":1,"86":1,"87":37,"88":3,"89":37,"90":32,"91":2,"92":30,"93":30,"94":30,"95":30,"96":37,"97":57,"98":57,"99":32,"100":37,"101":37,"102":37,"103":6,"104":31,"105":133,"106":133,"107":133,"108":133,"109":1,"110":133,"111":1,"112":1,"113":133,"114":133,"115":115,"116":18,"117":18,"118":1,"119":31,"120":31,"121":31,"122":22,"123":22,"124":22,"125":22,"126":22,"127":19,"128":1,"129":18,"130":22,"131":1,"132":31,"133":0,"134":31,"135":6,"136":6,"137":6,"138":6,"139":4,"140":4,"141":4,"142":2,"143":1,"144":1,"145":6,"146":1,"147":1,"148":1,"149":6,"150":0,"151":4},"f":{"0":37,"1":3,"2":3,"3":3,"4":3,"5":3,"6":19,"7":1,"8":2,"9":2,"10":3,"11":32,"12":57,"13":32,"14":37,"15":133,"16":1,"17":1,"18":1,"19":133,"20":18,"21":1,"22":31,"23":22,"24":19,"25":1,"26":0,"27":6,"28":6,"29":4,"30":2,"31":1,"32":0},"b":{"0":[0],"1":[3,3],"2":[11,6,2],"3":[5],"4":[6,5],"5":[2],"6":[2],"7":[6,31],"8":[8,125],"9":[56,77],"10":[0,1],"11":[1,1],"12":[33,100],"13":[1,132],"14":[133,125],"15":[1,124],"16":[115],"17":[2,16],"18":[18,2],"19":[1,18],"20":[1,1],"21":[1]}}
,"/Users/jermaine/Sites/otr.to/src/Messages.tsx": {"path":"/Users/jermaine/Sites/otr.to/src/Messages.tsx","statementMap":{"0":{"start":{"line":1,"column":0},"end":{"line":1,"column":31}},"1":{"start":{"line":10,"column":8},"end":{"line":36,"column":10}},"2":{"start":{"line":13,"column":20},"end":{"line":22,"column":null}},"3":{"start":{"line":14,"column":24},"end":{"line":21,"column":26}},"4":{"start":{"line":24,"column":20},"end":{"line":33,"column":22}},"5":{"start":{"line":8,"column":0},"end":{"line":8,"column":21}}},"fnMap":{"0":{"name":"(anonymous_6)","decl":{"start":{"line":9,"column":11},"end":{"line":9,"column":17}},"loc":{"start":{"line":9,"column":17},"end":{"line":37,"column":5}}},"1":{"name":"(anonymous_7)","decl":{"start":{"line":12,"column":41},"end":{"line":12,"column":42}},"loc":{"start":{"line":12,"column":60},"end":{"line":34,"column":17}}}},"branchMap":{"0":{"loc":{"start":{"line":13,"column":20},"end":{"line":22,"column":null}},"type":"if","locations":[{"start":{"line":13,"column":20},"end":{"line":22,"column":null}}]},"1":{"loc":{"start":{"line":26,"column":41},"end":{"line":26,"column":94}},"type":"cond-expr","locations":[{"start":{"line":26,"column":60},"end":{"line":26,"column":76}},{"start":{"line":26,"column":79},"end":{"line":26,"column":94}}]},"2":{"loc":{"start":{"line":29,"column":66},"end":{"line":29,"column":110}},"type":"cond-expr","locations":[{"start":{"line":29,"column":85},"end":{"line":29,"column":97}},{"start":{"line":29,"column":100},"end":{"line":29,"column":110}}]}},"s":{"0":5,"1":138,"2":114,"3":102,"4":12,"5":5},"f":{"0":138,"1":114},"b":{"0":[102],"1":[7,5],"2":[7,5]}}
,"/Users/jermaine/Sites/otr.to/src/Service/ChatHelper.ts": {"path":"/Users/jermaine/Sites/otr.to/src/Service/ChatHelper.ts","statementMap":{"0":{"start":{"line":5,"column":8},"end":{"line":7,"column":null}},"1":{"start":{"line":6,"column":12},"end":{"line":6,"column":63}},"2":{"start":{"line":9,"column":22},"end":{"line":9,"column":40}},"3":{"start":{"line":10,"column":8},"end":{"line":10,"column":45}},"4":{"start":{"line":12,"column":8},"end":{"line":12,"column":86}},"5":{"start":{"line":12,"column":41},"end":{"line":12,"column":58}},"6":{"start":{"line":1,"column":0},"end":{"line":1,"column":21}}},"fnMap":{"0":{"name":"(anonymous_0)","decl":{"start":{"line":3,"column":11},"end":{"line":3,"column":17}},"loc":{"start":{"line":3,"column":32},"end":{"line":13,"column":5}}},"1":{"name":"(anonymous_1)","decl":{"start":{"line":12,"column":33},"end":{"line":12,"column":37}},"loc":{"start":{"line":12,"column":41},"end":{"line":12,"column":58}}}},"branchMap":{"0":{"loc":{"start":{"line":5,"column":8},"end":{"line":7,"column":null}},"type":"if","locations":[{"start":{"line":5,"column":8},"end":{"line":7,"column":null}}]},"1":{"loc":{"start":{"line":5,"column":12},"end":{"line":5,"column":60}},"type":"binary-expr","locations":[{"start":{"line":5,"column":12},"end":{"line":5,"column":26}},{"start":{"line":5,"column":30},"end":{"line":5,"column":60}}]}},"s":{"0":89,"1":1,"2":88,"3":88,"4":88,"5":1408,"6":5},"f":{"0":89,"1":1408},"b":{"0":[1],"1":[89,88]}}
,"/Users/jermaine/Sites/otr.to/src/Struct/Message.ts": {"path":"/Users/jermaine/Sites/otr.to/src/Struct/Message.ts","statementMap":{"0":{"start":{"line":11,"column":8},"end":{"line":11,"column":25}},"1":{"start":{"line":12,"column":8},"end":{"line":12,"column":33}},"2":{"start":{"line":13,"column":8},"end":{"line":13,"column":33}},"3":{"start":{"line":1,"column":0},"end":{"line":1,"column":21}}},"fnMap":{"0":{"name":"(anonymous_0)","decl":{"start":{"line":6,"column":4},"end":{"line":6,"column":null}},"loc":{"start":{"line":9,"column":33},"end":{"line":14,"column":5}}}},"branchMap":{"0":{"loc":{"start":{"line":9,"column":8},"end":{"line":9,"column":33}},"type":"default-arg","locations":[{"start":{"line":9,"column":28},"end":{"line":9,"column":33}}]}},"s":{"0":66,"1":66,"2":66,"3":6},"f":{"0":66},"b":{"0":[12]}}
}
