TN:
SF:src/Chat.tsx
FN:57,(anonymous_14)
FN:377,(anonymous_15)
FN:386,(anonymous_16)
FN:390,(anonymous_17)
FN:398,(anonymous_18)
FN:398,(anonymous_19)
FN:442,(anonymous_20)
FN:490,(anonymous_21)
FN:492,(anonymous_22)
FN:496,(anonymous_23)
FN:518,(anonymous_24)
FN:522,(anonymous_25)
FN:530,(anonymous_26)
FN:538,(anonymous_27)
FN:69,(anonymous_28)
FN:79,(anonymous_29)
FN:98,(anonymous_30)
FN:164,(anonymous_31)
FN:253,(anonymous_32)
FN:279,(anonymous_33)
FN:285,(anonymous_34)
FN:300,(anonymous_35)
FN:320,(anonymous_36)
FN:324,(anonymous_37)
FN:332,(anonymous_38)
FN:340,(anonymous_39)
FN:343,(anonymous_40)
FN:348,(anonymous_41)
FN:349,(anonymous_42)
FN:353,(anonymous_43)
FN:357,(anonymous_44)
FN:366,(anonymous_45)
FN:373,(anonymous_46)
FNF:33
FNH:31
FNDA:37,(anonymous_14)
FNDA:3,(anonymous_15)
FNDA:3,(anonymous_16)
FNDA:3,(anonymous_17)
FNDA:3,(anonymous_18)
FNDA:3,(anonymous_19)
FNDA:19,(anonymous_20)
FNDA:1,(anonymous_21)
FNDA:2,(anonymous_22)
FNDA:2,(anonymous_23)
FNDA:3,(anonymous_24)
FNDA:32,(anonymous_25)
FNDA:57,(anonymous_26)
FNDA:32,(anonymous_27)
FNDA:37,(anonymous_28)
FNDA:133,(anonymous_29)
FNDA:1,(anonymous_30)
FNDA:1,(anonymous_31)
FNDA:1,(anonymous_32)
FNDA:133,(anonymous_33)
FNDA:18,(anonymous_34)
FNDA:1,(anonymous_35)
FNDA:31,(anonymous_36)
FNDA:22,(anonymous_37)
FNDA:19,(anonymous_38)
FNDA:1,(anonymous_39)
FNDA:0,(anonymous_40)
FNDA:6,(anonymous_41)
FNDA:6,(anonymous_42)
FNDA:4,(anonymous_43)
FNDA:2,(anonymous_44)
FNDA:1,(anonymous_45)
FNDA:0,(anonymous_46)
DA:1,4
DA:2,4
DA:3,4
DA:4,4
DA:5,4
DA:6,4
DA:41,4
DA:42,37
DA:43,37
DA:52,37
DA:54,37
DA:55,37
DA:58,37
DA:59,37
DA:70,37
DA:72,37
DA:73,6
DA:75,31
DA:80,133
DA:81,133
DA:82,133
DA:83,133
DA:98,1
DA:142,133
DA:164,1
DA:253,1
DA:280,133
DA:281,133
DA:283,18
DA:286,18
DA:300,1
DA:321,31
DA:322,31
DA:324,31
DA:325,22
DA:327,22
DA:329,22
DA:330,22
DA:332,22
DA:333,19
DA:334,1
DA:336,18
DA:340,22
DA:343,31
DA:345,31
DA:349,6
DA:350,6
DA:352,6
DA:353,6
DA:354,4
DA:355,4
DA:357,4
DA:358,2
DA:359,1
DA:361,1
DA:366,6
DA:367,1
DA:368,1
DA:369,1
DA:373,6
DA:377,37
DA:378,3
DA:379,3
DA:380,3
DA:382,3
DA:383,3
DA:386,37
DA:387,3
DA:388,3
DA:390,3
DA:391,3
DA:395,3
DA:398,37
DA:399,3
DA:400,3
DA:403,3
DA:412,3
DA:413,3
DA:416,3
DA:417,2
DA:418,3
DA:419,3
DA:420,3
DA:422,3
DA:429,3
DA:433,2
DA:438,2
DA:439,2
DA:442,37
DA:443,19
DA:445,19
DA:447,11
DA:459,11
DA:460,11
DA:461,11
DA:462,11
DA:465,6
DA:466,6
DA:467,5
DA:468,5
DA:469,5
DA:471,5
DA:472,5
DA:474,6
DA:477,2
DA:478,2
DA:479,2
DA:480,2
DA:482,2
DA:483,2
DA:484,2
DA:486,2
DA:490,37
DA:492,2
DA:493,1
DA:494,1
DA:496,1
DA:497,2
DA:498,2
DA:502,1
DA:503,1
DA:504,1
DA:505,1
DA:506,1
DA:507,1
DA:508,1
DA:509,1
DA:510,1
DA:513,1
DA:514,1
DA:515,1
DA:518,37
DA:519,3
DA:522,37
DA:523,32
DA:524,30
DA:525,30
DA:526,30
DA:527,30
DA:530,37
DA:531,57
DA:538,57
DA:539,32
LF:143
LH:143
BRDA:388,0,0,0
BRDA:388,1,0,3
BRDA:388,1,1,3
BRDA:445,2,0,11
BRDA:445,2,1,6
BRDA:445,2,2,2
BRDA:466,3,0,5
BRDA:466,4,0,6
BRDA:466,4,1,5
BRDA:478,5,0,2
BRDA:523,6,0,2
BRDA:72,7,0,6
BRDA:72,7,1,31
BRDA:81,8,0,8
BRDA:81,8,1,125
BRDA:83,9,0,56
BRDA:83,9,1,77
BRDA:98,10,0,0
BRDA:98,10,1,1
BRDA:98,11,0,1
BRDA:98,11,1,1
BRDA:151,12,0,33
BRDA:151,12,1,100
BRDA:165,13,0,1
BRDA:165,13,1,132
BRDA:240,14,0,133
BRDA:240,14,1,125
BRDA:254,15,0,1
BRDA:254,15,1,124
BRDA:281,16,0,115
BRDA:292,17,0,2
BRDA:292,17,1,16
BRDA:297,18,0,18
BRDA:297,18,1,2
BRDA:333,19,0,1
BRDA:333,19,1,18
BRDA:358,20,0,1
BRDA:358,20,1,1
BRDA:367,21,0,1
BRF:39
BRH:37
end_of_record
TN:
SF:src/Messages.tsx
FN:9,(anonymous_6)
FN:12,(anonymous_7)
FNF:2
FNH:2
FNDA:138,(anonymous_6)
FNDA:114,(anonymous_7)
DA:1,5
DA:8,5
DA:10,138
DA:13,114
DA:14,102
DA:24,12
LF:6
LH:6
BRDA:13,0,0,102
BRDA:26,1,0,7
BRDA:26,1,1,5
BRDA:29,2,0,7
BRDA:29,2,1,5
BRF:5
BRH:5
end_of_record
TN:
SF:src/Service/ChatHelper.ts
FN:3,(anonymous_0)
FN:12,(anonymous_1)
FNF:2
FNH:2
FNDA:89,(anonymous_0)
FNDA:1408,(anonymous_1)
DA:1,5
DA:5,89
DA:6,1
DA:9,88
DA:10,88
DA:12,1408
LF:6
LH:6
BRDA:5,0,0,1
BRDA:5,1,0,89
BRDA:5,1,1,88
BRF:3
BRH:3
end_of_record
TN:
SF:src/Struct/Message.ts
FN:6,(anonymous_0)
FNF:1
FNH:1
FNDA:66,(anonymous_0)
DA:1,6
DA:11,66
DA:12,66
DA:13,66
LF:4
LH:4
BRDA:9,0,0,12
BRF:1
BRH:1
end_of_record
